<?xml version="1.0" encoding="UTF-8"?>
<testng-results skipped="0" failed="0" ignored="0" total="1" passed="1">
  <reporter-output>
  </reporter-output>
  <suite name="Default suite" duration-ms="1116" started-at="2022-11-28T18:46:12Z" finished-at="2022-11-28T18:46:13Z">
    <groups>
    </groups>
    <test name="Default test" duration-ms="1116" started-at="2022-11-28T18:46:12Z" finished-at="2022-11-28T18:46:13Z">
      <class name="medicare.MOSTVIEWEDPRODUCTS">
        <test-method status="PASS" signature="test1()[pri:0, instance:medicare.MOSTVIEWEDPRODUCTS@589b3632]" name="test1" duration-ms="1096" started-at="2022-11-28T18:46:12Z" finished-at="2022-11-28T18:46:13Z">
          <reporter-output>
          </reporter-output>
        </test-method> <!-- test1 -->
      </class> <!-- medicare.MOSTVIEWEDPRODUCTS -->
    </test> <!-- Default test -->
  </suite> <!-- Default suite -->
</testng-results>
